This is pdfTeX, Version 3.1415926-1.40.10 (MiKTeX 2.8) (preloaded format=pdflatex 2010.9.5)  15 MAY 2013 10:22
entering extended mode
**C:/Users/rdj/Documents/GitHub/vnfs/writeup/main.tex
(C:/Users/rdj/Documents/GitHub/vnfs/writeup/main.tex
LaTeX2e <2009/09/24>
Babel <v3.8l> and hyphenation patterns for english, dumylang, nohyphenation, german, ngerman, german-x-2009-06-19, ngerm
an-x-2009-06-19, french, loaded.
("C:\Program Files (x86)\MiKTeX 2.8\tex\latex\base\article.cls"
Document Class: article 2007/10/19 v1.4h Standard LaTeX document class
("C:\Program Files (x86)\MiKTeX 2.8\tex\latex\base\size11.clo"
File: size11.clo 2007/10/19 v1.4h Standard LaTeX file (size option)
)
\c@part=\count79
\c@section=\count80
\c@subsection=\count81
\c@subsubsection=\count82
\c@paragraph=\count83
\c@subparagraph=\count84
\c@figure=\count85
\c@table=\count86
\abovecaptionskip=\skip41
\belowcaptionskip=\skip42
\bibindent=\dimen102
)
("C:\Program Files (x86)\MiKTeX 2.8\tex\latex\base\alltt.sty"
Package: alltt 1997/06/16 v2.0g defines alltt environment
)
("C:\Program Files (x86)\MiKTeX 2.8\tex\latex\graphics\graphicx.sty"
Package: graphicx 1999/02/16 v1.0f Enhanced LaTeX Graphics (DPC,SPQR)

("C:\Program Files (x86)\MiKTeX 2.8\tex\latex\graphics\keyval.sty"
Package: keyval 1999/03/16 v1.13 key=value parser (DPC)
\KV@toks@=\toks14
)
("C:\Program Files (x86)\MiKTeX 2.8\tex\latex\graphics\graphics.sty"
Package: graphics 2009/02/05 v1.0o Standard LaTeX Graphics (DPC,SPQR)

("C:\Program Files (x86)\MiKTeX 2.8\tex\latex\graphics\trig.sty"
Package: trig 1999/03/16 v1.09 sin cos tan (DPC)
)
("C:\Program Files (x86)\MiKTeX 2.8\tex\latex\00miktex\graphics.cfg"
File: graphics.cfg 2007/01/18 v1.5 graphics configuration of teTeX/TeXLive
)
Package graphics Info: Driver file: pdftex.def on input line 91.

("C:\Program Files (x86)\MiKTeX 2.8\tex\latex\pdftex-def\pdftex.def"
File: pdftex.def 2010/02/14 v0.04n Graphics/color for pdfTeX
\Gread@gobject=\count87
))
\Gin@req@height=\dimen103
\Gin@req@width=\dimen104
)
("C:\Program Files (x86)\MiKTeX 2.8\tex\latex\tools\verbatim.sty"
Package: verbatim 2003/08/22 v1.5q LaTeX2e package for verbatim enhancements
\every@verbatim=\toks15
\verbatim@line=\toks16
\verbatim@in@stream=\read1
)
("C:\Program Files (x86)\MiKTeX 2.8\tex\latex\geometry\geometry.sty"
Package: geometry 2010/07/08 v5.4 Page Geometry

("C:\Program Files (x86)\MiKTeX 2.8\tex\generic\oberdiek\ifpdf.sty"
Package: ifpdf 2010/01/28 v2.1 Provides the ifpdf switch (HO)
Package ifpdf Info: pdfTeX in pdf mode detected.
)
("C:\Program Files (x86)\MiKTeX 2.8\tex\generic\oberdiek\ifvtex.sty"
Package: ifvtex 2010/03/01 v1.5 Switches for detecting VTeX and its modes (HO)
Package ifvtex Info: VTeX not detected.
)
\Gm@cnth=\count88
\Gm@cntv=\count89
\c@Gm@tempcnt=\count90
\Gm@bindingoffset=\dimen105
\Gm@wd@mp=\dimen106
\Gm@odd@mp=\dimen107
\Gm@even@mp=\dimen108
\Gm@layoutwidth=\dimen109
\Gm@layoutheight=\dimen110
\Gm@layouthoffset=\dimen111
\Gm@layoutvoffset=\dimen112
\Gm@dimlist=\toks17

("C:\Program Files (x86)\MiKTeX 2.8\tex\latex\geometry\geometry.cfg"))
("C:\Program Files (x86)\MiKTeX 2.8\tex\latex\ltxmisc\url.sty"
\Urlmuskip=\muskip10
Package: url 2006/04/12  ver 3.3  Verb mode for urls, etc.
) (C:\Users\rdj\Documents\GitHub\vnfs\writeup\main.aux
(C:\Users\rdj\Documents\GitHub\vnfs\writeup\trace.aux))
LaTeX Font Info:    Checking defaults for OML/cmm/m/it on input line 11.
LaTeX Font Info:    ... okay on input line 11.
LaTeX Font Info:    Checking defaults for T1/cmr/m/n on input line 11.
LaTeX Font Info:    ... okay on input line 11.
LaTeX Font Info:    Checking defaults for OT1/cmr/m/n on input line 11.
LaTeX Font Info:    ... okay on input line 11.
LaTeX Font Info:    Checking defaults for OMS/cmsy/m/n on input line 11.
LaTeX Font Info:    ... okay on input line 11.
LaTeX Font Info:    Checking defaults for OMX/cmex/m/n on input line 11.
LaTeX Font Info:    ... okay on input line 11.
LaTeX Font Info:    Checking defaults for U/cmr/m/n on input line 11.
LaTeX Font Info:    ... okay on input line 11.
 ("C:\Program Files (x86)\MiKTeX 2.8\tex\context\base\supp-pdf.tex"
[Loading MPS to PDF converter (version 2006.09.02).]
\scratchcounter=\count91
\scratchdimen=\dimen113
\scratchbox=\box26
\nofMPsegments=\count92
\nofMParguments=\count93
\everyMPshowfont=\toks18
\MPscratchCnt=\count94
\MPscratchDim=\dimen114
\MPnumerator=\count95
\everyMPtoPDFconversion=\toks19
)
*geometry* detected driver: pdftex
*geometry* verbose mode - [ preamble ] result:
* driver: pdftex
* paper: custom
* layout: <same size as paper>
* layoutoffset:(h,v)=(0.0pt,0.0pt)
* modes: 
* h-part:(L,W,R)=(72.26999pt, 469.75502pt, 72.26999pt)
* v-part:(T,H,B)=(72.26999pt, 650.43001pt, 72.26999pt)
* \paperwidth=614.295pt
* \paperheight=794.96999pt
* \textwidth=469.75502pt
* \textheight=650.43001pt
* \oddsidemargin=0.0pt
* \evensidemargin=0.0pt
* \topmargin=-37.0pt
* \headheight=12.0pt
* \headsep=25.0pt
* \topskip=11.0pt
* \footskip=30.0pt
* \marginparwidth=4.0pt
* \marginparsep=10.0pt
* \columnsep=10.0pt
* \skip\footins=10.0pt plus 4.0pt minus 2.0pt
* \hoffset=0.0pt
* \voffset=0.0pt
* \mag=1000
* \@twocolumntrue
* \@twosidefalse
* \@mparswitchfalse
* \@reversemarginfalse
* (1in=72.27pt=25.4mm, 1cm=28.453pt)

LaTeX Font Info:    External font `cmex10' loaded for size
(Font)              <12> on input line 12.
LaTeX Font Info:    External font `cmex10' loaded for size
(Font)              <8> on input line 12.
LaTeX Font Info:    External font `cmex10' loaded for size
(Font)              <6> on input line 12.

Underfull \vbox (badness 6063) has occurred while \output is active []

 [1{C:/ProgramData/MiKTeX/2.8/pdftex/config/pdftex.map}


]
Underfull \vbox (badness 1215) has occurred while \output is active []


Underfull \hbox (badness 6625) in paragraph at lines 58--58
[]\OT1/cmr/bx/n/12 Identifying Bridged Hosts by
 []


Underfull \vbox (badness 10000) has occurred while \output is active []

 [2]
LaTeX Font Info:    External font `cmex10' loaded for size
(Font)              <10.95> on input line 67.

! Argument of \@caption has an extra }.
<inserted text> 
                \par 
l.84 ...r-common-virtual-machine-platforms/538)}}}
                                                  
I've run across a `}' that doesn't seem to match anything.
For example, `\def\a#1{...}' and `\a}' would produce
this error. If you simply proceed now, the `\par' that
I've just inserted will cause me to report a runaway
argument that might be the root of the problem. But if
your `}' was spurious, just type `2' and it will go away.

Runaway argument?
\@captype {\@xfootnote }\def \reserved@b {\stepcounter \@mpfn \protected@xdef \ETC.
! Paragraph ended before \@caption was complete.
<to be read again> 
                   \par 
l.84 ...r-common-virtual-machine-platforms/538)}}}
                                                  
I suspect you've forgotten a `}', causing me to apply this
control sequence to too much text. How can we recover?
My plan is to forget the whole thing and hope for the best.

LaTeX Font Info:    External font `cmex10' loaded for size
(Font)              <9> on input line 84.
LaTeX Font Info:    External font `cmex10' loaded for size
(Font)              <5> on input line 84.

Overfull \hbox (27.4909pt too wide) in paragraph at lines 84--84
[][]\OT1/cmr/m/it/9 (Source:http://www.techrepublic.com/blog/networking/mac-
 []


Underfull \hbox (badness 10000) in paragraph at lines 84--84
\OT1/cmr/m/it/9 address-scorecard-for-common-virtual-machine-
 []

<timing_small.png, id=13, 761.84625pt x 417.56pt>
File: timing_small.png Graphic file (type png)
 <use timing_small.png>
Overfull \hbox (29.14679pt too wide) in paragraph at lines 94--95
 [] 
 []


Underfull \vbox (badness 10000) has occurred while \output is active []


<timing_large.png, id=14, 833.1125pt x 450.68375pt>
File: timing_large.png Graphic file (type png)
 <use timing_large.png>
Overfull \hbox (20.05818pt too wide) in paragraph at lines 101--102
 [] 
 []

[3 <C:/Users/rdj/Documents/GitHub/vnfs/writeup/timing_small.png (PNG copy)> <C:/Users/rdj/Documents/GitHub/vnfs/writeup/
timing_large.png (PNG copy)>] [4

] [5] (C:\Users\rdj\Documents\GitHub\vnfs\writeup\trace.tex
Underfull \hbox (badness 8189) in paragraph at lines 1--1
[]\OT1/cmr/bx/n/14.4 Tracing Traf-fic from the
 []


Underfull \hbox (badness 1028) in paragraph at lines 5--6
\OT1/cmr/m/n/10.95 ap-pli-ca-tion layer through the guest net-work
 []

<codepath1.png, id=26, 441.3288pt x 264.99pt>
File: codepath1.png Graphic file (type png)
 <use codepath1.png> <codepath2_alt.png, id=28, 578.8827pt x 285.4665pt>
File: codepath2_alt.png Graphic file (type png)

<use codepath2_alt.png>
Underfull \vbox (badness 10000) has occurred while \output is active []

 [6

]
Underfull \hbox (badness 1048) in paragraph at lines 57--63
\OT1/cmr/m/n/10.95 for-ma-tion. This is done by sim-ply call-ing
 []


Underfull \vbox (badness 5893) has occurred while \output is active []


Underfull \hbox (badness 1817) in paragraph at lines 64--64
[]\OT1/cmr/bx/n/12 RealTek 8139 Bridged: Guest
 []

[7 <C:/Users/rdj/Documents/GitHub/vnfs/writeup/codepath1.png> <C:/Users/rdj/Documents/GitHub/vnfs/writeup/codepath2_alt.
png>]
Underfull \hbox (badness 2913) in paragraph at lines 67--68
[]\OT1/cmr/m/n/10.95 The packet first comes out the end of
 []


Underfull \hbox (badness 7379) in paragraph at lines 67--68
\OT1/cmr/m/n/10.95 the shared code (see Ap-pendix) and is
 []


Underfull \hbox (badness 2042) in paragraph at lines 73--74
\OT1/cmr/m/n/10.95 and bridged net-work-ing trans-mis-sion paths.
 []

<usermodeTXtime.png, id=38, 586.19pt x 362.35374pt>
File: usermodeTXtime.png Graphic file (type png)
 <use usermodeTXtime.png>
Overfull \hbox (63.21678pt too wide) in paragraph at lines 77--78
 [][] 
 []

) [8 <C:/Users/rdj/Documents/GitHub/vnfs/writeup/usermodeTXtime.png (PNG copy)>]
Underfull \hbox (badness 1546) in paragraph at lines 136--137
[]\OT1/cmr/m/n/10.95 Our sec-ond method as-sumes a con-trolled
 []


Underfull \hbox (badness 2913) in paragraph at lines 140--141
\OT1/cmr/m/n/10.95 work drivers and net-work-ing con-fig-u-ra-tions
 []


Underfull \hbox (badness 3701) in paragraph at lines 142--143
\OT1/cmr/m/n/10.95 search-ing for op-ti-mal net-work per-for-mance
 []

(C:\Users\rdj\Documents\GitHub\vnfs\writeup\main.bbl
Underfull \hbox (badness 1590) in paragraph at lines 4--7
[]\OT1/cmr/m/sc/9 Shepler, S., Callaghan, B., Robin-son, D.,
 []


Underfull \hbox (badness 1558) in paragraph at lines 4--7
\OT1/cmr/m/sc/9 Thur-low, R., Beame, C., Eisler, M., and
 []

) [9

] (C:\Users\rdj\Documents\GitHub\vnfs\writeup\main.aux (C:\Users\rdj\Documents\GitHub\vnfs\writeup\trace.aux)) ) 
Here is how much of TeX's memory you used:
 1578 strings out of 495269
 21948 string characters out of 3179604
 86583 words of memory out of 3000000
 4798 multiletter control sequences out of 15000+200000
 10537 words of font info for 37 fonts, out of 3000000 for 9000
 14 hyphenation exceptions out of 8191
 26i,9n,32p,1151b,356s stack positions out of 5000i,500n,10000p,200000b,50000s
<C:/Prog
ram Files (x86)/MiKTeX 2.8/fonts/type1/public/amsfonts/cm/cmbx10.pfb><C:/Program Files (x86)/MiKTeX 2.8/fonts/type1/publ
ic/amsfonts/cm/cmbx12.pfb><C:/Program Files (x86)/MiKTeX 2.8/fonts/type1/public/amsfonts/cm/cmcsc10.pfb><C:/Program File
s (x86)/MiKTeX 2.8/fonts/type1/public/amsfonts/cm/cmr10.pfb><C:/Program Files (x86)/MiKTeX 2.8/fonts/type1/public/amsfon
ts/cm/cmr12.pfb><C:/Program Files (x86)/MiKTeX 2.8/fonts/type1/public/amsfonts/cm/cmr17.pfb><C:/Program Files (x86)/MiKT
eX 2.8/fonts/type1/public/amsfonts/cm/cmr8.pfb><C:/Program Files (x86)/MiKTeX 2.8/fonts/type1/public/amsfonts/cm/cmr9.pf
b><C:/Program Files (x86)/MiKTeX 2.8/fonts/type1/public/amsfonts/cm/cmtt10.pfb>
Output written on main.pdf (9 pages, 351156 bytes).
PDF statistics:
 76 PDF objects out of 1000 (max. 8388607)
 0 named destinations out of 1000 (max. 500000)
 26 words of extra memory for PDF output out of 10000 (max. 10000000)

